<?xml version="1.0" encoding="UTF-8"?>
<!-- Generated by org.testng.reporters.JUnitReportReporter -->
<testsuite hostname="DESKTOP-APK6A01" failures="0" tests="3" name="com.crm.qa.tests.LoginPageTest" time="32.976" errors="0" timestamp="21 Oct. 2022 22:12:59 GMT" skipped="0">
  <testcase classname="com.crm.qa.tests.LoginPageTest" name="loginPageTitleTest" time="8.018"/>
  <testcase classname="com.crm.qa.tests.LoginPageTest" name="crmLogoImageTest" time="7.374"/>
  <testcase classname="com.crm.qa.tests.LoginPageTest" name="loginTest" time="17.584"/>
</testsuite> <!-- com.crm.qa.tests.LoginPageTest -->
