<?xml version="1.0" encoding="UTF-8"?>
<!-- Generated by org.testng.reporters.JUnitReportReporter -->
<testsuite hostname="DESKTOP-APK6A01" failures="0" tests="3" name="com.crm.qa.testdata.HomePageTest" time="88.288" errors="0" timestamp="18 Oct. 2022 02:38:10 GMT" skipped="0">
  <testcase classname="com.crm.qa.testdata.HomePageTest" name="verifyHomePageTitleTest" time="21.792"/>
  <testcase classname="com.crm.qa.testdata.HomePageTest" name="verifyUserNameTest" time="31.257"/>
  <testcase classname="com.crm.qa.testdata.HomePageTest" name="verifyContactsLinkTest" time="35.239"/>
</testsuite> <!-- com.crm.qa.testdata.HomePageTest -->
