<?xml version="1.0" encoding="UTF-8"?>
<!-- Generated by org.testng.reporters.JUnitReportReporter -->
<testsuite hostname="DESKTOP-APK6A01" failures="0" tests="4" name="com.crm.qa.tests.ContactsPageTest" time="119.783" errors="0" timestamp="21 Oct. 2022 22:12:59 GMT" skipped="0">
  <testcase classname="com.crm.qa.tests.ContactsPageTest" name="verifyContactsPagelable" time="18.599"/>
  <testcase classname="com.crm.qa.tests.ContactsPageTest" name="validateCreateNewContactsTest" time="56.697"/>
  <testcase classname="com.crm.qa.tests.ContactsPageTest" name="validateCreateNewContactsTest" time="22.182"/>
  <testcase classname="com.crm.qa.tests.ContactsPageTest" name="validateCreateNewContactsTest" time="22.305"/>
</testsuite> <!-- com.crm.qa.tests.ContactsPageTest -->
