<?xml version="1.0" encoding="UTF-8"?>
<!-- Generated by org.testng.reporters.JUnitReportReporter -->
<testsuite hostname="DESKTOP-APK6A01" failures="0" tests="3" name="com.crm.qa.testdata.LoginPageTest" time="101.176" errors="0" timestamp="18 Oct. 2022 01:19:10 GMT" skipped="0">
  <testcase classname="com.crm.qa.testdata.LoginPageTest" name="loginPageTitleTest" time="27.010"/>
  <testcase classname="com.crm.qa.testdata.LoginPageTest" name="crmLogoImageTest" time="17.264"/>
  <testcase classname="com.crm.qa.testdata.LoginPageTest" name="loginTest" time="56.902"/>
</testsuite> <!-- com.crm.qa.testdata.LoginPageTest -->
