<?xml version="1.0" encoding="UTF-8"?>
<!-- Generated by org.testng.reporters.JUnitReportReporter -->
<testsuite hostname="DESKTOP-APK6A01" failures="0" tests="3" name="com.crm.qa.tests.HomePageTest" time="52.559" errors="0" timestamp="21 Oct. 2022 22:12:59 GMT" skipped="0">
  <testcase classname="com.crm.qa.tests.HomePageTest" name="verifyHomePageTitleTest" time="16.483"/>
  <testcase classname="com.crm.qa.tests.HomePageTest" name="verifyUserNameTest" time="16.531"/>
  <testcase classname="com.crm.qa.tests.HomePageTest" name="verifyContactsLinkTest" time="19.545"/>
</testsuite> <!-- com.crm.qa.tests.HomePageTest -->
