<?xml version="1.0" encoding="UTF-8"?>
<!-- Generated by org.testng.reporters.JUnitReportReporter -->
<testsuite hostname="DESKTOP-APK6A01" failures="0" tests="2" name="com.crm.qa.testdata.ContactsPageTest" time="119.528" errors="0" timestamp="19 Oct. 2022 02:13:41 GMT" skipped="0">
  <testcase classname="com.crm.qa.testdata.ContactsPageTest" name="selectSingleContactsTest" time="71.628"/>
  <testcase classname="com.crm.qa.testdata.ContactsPageTest" name="selectMultipleContactsTest" time="47.900"/>
</testsuite> <!-- com.crm.qa.testdata.ContactsPageTest -->
