<?xml version="1.0" encoding="UTF-8"?>
<!-- Generated by org.testng.reporters.JUnitReportReporter -->
<testsuite hostname="DESKTOP-APK6A01" failures="0" tests="4" name="com.crm.qa.tests.ContactsPageTest" time="53.556" errors="0" timestamp="22 Oct. 2022 20:51:21 GMT" skipped="0">
  <testcase classname="com.crm.qa.tests.ContactsPageTest" name="verifyContactsPagelable" time="9.083"/>
  <testcase classname="com.crm.qa.tests.ContactsPageTest" name="validateCreateNewContactsTest" time="13.101"/>
  <testcase classname="com.crm.qa.tests.ContactsPageTest" name="validateCreateNewContactsTest" time="13.867"/>
  <testcase classname="com.crm.qa.tests.ContactsPageTest" name="validateCreateNewContactsTest" time="17.505"/>
</testsuite> <!-- com.crm.qa.tests.ContactsPageTest -->
