<?xml version="1.0" encoding="UTF-8"?>
<!-- Generated by org.testng.reporters.JUnitReportReporter -->
<testsuite hostname="DESKTOP-APK6A01" failures="0" tests="3" name="com.crm.qa.tests.LoginPageTest" time="17.819" errors="0" timestamp="22 Oct. 2022 20:51:21 GMT" skipped="0">
  <testcase classname="com.crm.qa.tests.LoginPageTest" name="loginPageTitleTest" time="3.730"/>
  <testcase classname="com.crm.qa.tests.LoginPageTest" name="crmLogoImageTest" time="4.734"/>
  <testcase classname="com.crm.qa.tests.LoginPageTest" name="loginTest" time="9.355"/>
</testsuite> <!-- com.crm.qa.tests.LoginPageTest -->
