<?xml version="1.0" encoding="UTF-8"?>
<!-- Generated by org.testng.reporters.JUnitReportReporter -->
<testsuite hostname="DESKTOP-APK6A01" failures="0" tests="3" name="com.crm.qa.tests.HomePageTest" time="29.149" errors="0" timestamp="22 Oct. 2022 20:51:21 GMT" skipped="0">
  <testcase classname="com.crm.qa.tests.HomePageTest" name="verifyHomePageTitleTest" time="8.528"/>
  <testcase classname="com.crm.qa.tests.HomePageTest" name="verifyUserNameTest" time="10.669"/>
  <testcase classname="com.crm.qa.tests.HomePageTest" name="verifyContactsLinkTest" time="9.952"/>
</testsuite> <!-- com.crm.qa.tests.HomePageTest -->
